<?xml version="1.0" encoding="UTF-8"?>
<testng-results skipped="0" failed="0" ignored="0" total="1" passed="1">
  <reporter-output>
  </reporter-output>
  <suite name="eBankingV1" duration-ms="40471" started-at="2021-02-15T05:46:35Z" finished-at="2021-02-15T05:47:15Z">
    <groups>
    </groups>
    <test name="ebanking Test" duration-ms="40471" started-at="2021-02-15T05:46:35Z" finished-at="2021-02-15T05:47:15Z">
      <class name="com.eBankingV1.testCases.TC_AddCustomer_003">
        <test-method status="PASS" signature="Setup(java.lang.String)[pri:0, instance:com.eBankingV1.testCases.TC_AddCustomer_003@30c7da1e]" name="Setup" is-config="true" duration-ms="8989" started-at="2021-02-15T05:46:35Z" finished-at="2021-02-15T05:46:44Z">
          <params>
            <param index="0">
              <value>
                <![CDATA[chrome]]>
              </value>
            </param>
          </params>
          <reporter-output>
          </reporter-output>
        </test-method> <!-- Setup -->
        <test-method status="PASS" signature="AddcustomerTest()[pri:0, instance:com.eBankingV1.testCases.TC_AddCustomer_003@30c7da1e]" name="AddcustomerTest" duration-ms="30488" started-at="2021-02-15T05:46:44Z" finished-at="2021-02-15T05:47:14Z">
          <reporter-output>
          </reporter-output>
        </test-method> <!-- AddcustomerTest -->
        <test-method status="PASS" signature="TearDown()[pri:0, instance:com.eBankingV1.testCases.TC_AddCustomer_003@30c7da1e]" name="TearDown" is-config="true" duration-ms="694" started-at="2021-02-15T05:47:14Z" finished-at="2021-02-15T05:47:15Z">
          <reporter-output>
          </reporter-output>
        </test-method> <!-- TearDown -->
      </class> <!-- com.eBankingV1.testCases.TC_AddCustomer_003 -->
    </test> <!-- ebanking Test -->
  </suite> <!-- eBankingV1 -->
</testng-results>
