<?xml version="1.0" encoding="UTF-8"?>
<testng-results skipped="0" failed="0" total="1" passed="1">
  <reporter-output>
  </reporter-output>
  <suite name="eBankingV1" duration-ms="33707" started-at="2021-02-13T10:37:24Z" finished-at="2021-02-13T10:37:57Z">
    <groups>
    </groups>
    <test name="ebanking Test" duration-ms="33707" started-at="2021-02-13T10:37:24Z" finished-at="2021-02-13T10:37:57Z">
      <class name="com.eBankingV1.testCases.TC_AddCustomer_003">
        <test-method status="PASS" signature="Setup(java.lang.String)[pri:0, instance:com.eBankingV1.testCases.TC_AddCustomer_003@6a4f787b]" name="Setup" is-config="true" duration-ms="7551" started-at="2021-02-13T16:37:24Z" finished-at="2021-02-13T16:37:32Z">
          <params>
            <param index="0">
              <value>
                <![CDATA[chrome]]>
              </value>
            </param>
          </params>
          <reporter-output>
          </reporter-output>
        </test-method> <!-- Setup -->
        <test-method status="PASS" signature="AddcustomerTest()[pri:0, instance:com.eBankingV1.testCases.TC_AddCustomer_003@6a4f787b]" name="AddcustomerTest" duration-ms="25014" started-at="2021-02-13T16:37:32Z" finished-at="2021-02-13T16:37:57Z">
          <reporter-output>
          </reporter-output>
        </test-method> <!-- AddcustomerTest -->
        <test-method status="PASS" signature="TearDown()[pri:0, instance:com.eBankingV1.testCases.TC_AddCustomer_003@6a4f787b]" name="TearDown" is-config="true" duration-ms="786" started-at="2021-02-13T16:37:57Z" finished-at="2021-02-13T16:37:57Z">
          <reporter-output>
          </reporter-output>
        </test-method> <!-- TearDown -->
      </class> <!-- com.eBankingV1.testCases.TC_AddCustomer_003 -->
    </test> <!-- ebanking Test -->
  </suite> <!-- eBankingV1 -->
</testng-results>
